make --dry-run --always-make --keep-going --print-directory
make: Entering directory '/home/polina/sem_06/bmstu_os/lab_09/workqueue'
 
make -C /lib/modules/5.13.0-48-generic/build  M=/home/polina/sem_06/bmstu_os/lab_09/workqueue modules 
make[1]: Entering directory '/usr/src/linux-headers-5.13.0-48-generic'
 
make -f ./scripts/Makefile.build obj=/home/polina/sem_06/bmstu_os/lab_09/workqueue \
single-build= \
need-builtin=1 need-modorder=1
 
set -e;  echo '  CC [M]  /home/polina/sem_06/bmstu_os/lab_09/workqueue/my_wq.o';  gcc -Wp,-MMD,/home/polina/sem_06/bmstu_os/lab_09/workqueue/.my_wq.o.d  -nostdinc -isystem /usr/lib/gcc/x86_64-linux-gnu/9/include  -I./arch/x86/include -I./arch/x86/include/generated  -I./include -I./arch/x86/include/uapi -I./arch/x86/include/generated/uapi -I./include/uapi -I./include/generated/uapi -include ./include/linux/compiler-version.h -include ./include/linux/kconfig.h -Iubuntu/include  -include ./include/linux/compiler_types.h -D__KERNEL__ -fmacro-prefix-map=./= -Wall -Wundef -Werror=strict-prototypes -Wno-trigraphs -fno-strict-aliasing -fno-common -fshort-wchar -fno-PIE -Werror=implicit-function-declaration -Werror=implicit-int -Werror=return-type -Wno-format-security -std=gnu89 -mno-sse -mno-mmx -mno-sse2 -mno-3dnow -mno-avx -fcf-protection=none -m64 -falign-jumps=1 -falign-loops=1 -mno-80387 -mno-fp-ret-in-387 -mpreferred-stack-boundary=3 -mskip-rax-setup -mtune=generic -mno-red-zone -mcmodel=kernel -DCONFIG_X86_X32_ABI -Wno-sign-compare -fno-asynchronous-unwind-tables -mindirect-branch=thunk-extern -mindirect-branch-register -fno-jump-tables -fno-delete-null-pointer-checks -Wno-frame-address -Wno-format-truncation -Wno-format-overflow -Wno-address-of-packed-member -O2 --param=allow-store-data-races=0 -Wframe-larger-than=1024 -fstack-protector-strong -Wimplicit-fallthrough -Wno-unused-but-set-variable -Wno-unused-const-variable -fno-omit-frame-pointer -fno-optimize-sibling-calls -fno-stack-clash-protection -g -gdwarf-4 -pg -mrecord-mcount -mfentry -DCC_USING_FENTRY -Wdeclaration-after-statement -Wvla -Wno-pointer-sign -Wno-stringop-truncation -Wno-array-bounds -Wno-stringop-overflow -Wno-restrict -Wno-maybe-uninitialized -fno-strict-overflow -fno-stack-check -fconserve-stack -Werror=date-time -Werror=incompatible-pointer-types -Werror=designated-init -Wno-packed-not-aligned  -DMODULE  -DKBUILD_BASENAME='"my_wq"' -DKBUILD_MODNAME='"my_wq"' -D__KBUILD_MODNAME=kmod_my_wq -c -o /home/polina/sem_06/bmstu_os/lab_09/workqueue/my_wq.o /home/polina/sem_06/bmstu_os/lab_09/workqueue/my_wq.c; scripts/basic/fixdep /home/polina/sem_06/bmstu_os/lab_09/workqueue/.my_wq.o.d /home/polina/sem_06/bmstu_os/lab_09/workqueue/my_wq.o 'gcc -Wp,-MMD,/home/polina/sem_06/bmstu_os/lab_09/workqueue/.my_wq.o.d  -nostdinc -isystem /usr/lib/gcc/x86_64-linux-gnu/9/include  -I./arch/x86/include -I./arch/x86/include/generated  -I./include -I./arch/x86/include/uapi -I./arch/x86/include/generated/uapi -I./include/uapi -I./include/generated/uapi -include ./include/linux/compiler-version.h -include ./include/linux/kconfig.h -Iubuntu/include  -include ./include/linux/compiler_types.h -D__KERNEL__ -fmacro-prefix-map=./= -Wall -Wundef -Werror=strict-prototypes -Wno-trigraphs -fno-strict-aliasing -fno-common -fshort-wchar -fno-PIE -Werror=implicit-function-declaration -Werror=implicit-int -Werror=return-type -Wno-format-security -std=gnu89 -mno-sse -mno-mmx -mno-sse2 -mno-3dnow -mno-avx -fcf-protection=none -m64 -falign-jumps=1 -falign-loops=1 -mno-80387 -mno-fp-ret-in-387 -mpreferred-stack-boundary=3 -mskip-rax-setup -mtune=generic -mno-red-zone -mcmodel=kernel -DCONFIG_X86_X32_ABI -Wno-sign-compare -fno-asynchronous-unwind-tables -mindirect-branch=thunk-extern -mindirect-branch-register -fno-jump-tables -fno-delete-null-pointer-checks -Wno-frame-address -Wno-format-truncation -Wno-format-overflow -Wno-address-of-packed-member -O2 --param=allow-store-data-races=0 -Wframe-larger-than=1024 -fstack-protector-strong -Wimplicit-fallthrough -Wno-unused-but-set-variable -Wno-unused-const-variable -fno-omit-frame-pointer -fno-optimize-sibling-calls -fno-stack-clash-protection -g -gdwarf-4 -pg -mrecord-mcount -mfentry -DCC_USING_FENTRY -Wdeclaration-after-statement -Wvla -Wno-pointer-sign -Wno-stringop-truncation -Wno-array-bounds -Wno-stringop-overflow -Wno-restrict -Wno-maybe-uninitialized -fno-strict-overflow -fno-stack-check -fconserve-stack -Werror=date-time -Werror=incompatible-pointer-types -Werror=designated-init -Wno-packed-not-aligned  -DMODULE  -DKBUILD_BASENAME='\''"my_wq"'\'' -DKBUILD_MODNAME='\''"my_wq"'\'' -D__KBUILD_MODNAME=kmod_my_wq -c -o /home/polina/sem_06/bmstu_os/lab_09/workqueue/my_wq.o /home/polina/sem_06/bmstu_os/lab_09/workqueue/my_wq.c' > /home/polina/sem_06/bmstu_os/lab_09/workqueue/.my_wq.o.cmd; rm -f /home/polina/sem_06/bmstu_os/lab_09/workqueue/.my_wq.o.d
set -e;   
set -e;   
set -e;   
 
set -e;   
set -e;   if objdump -h /home/polina/sem_06/bmstu_os/lab_09/workqueue/my_wq.o | grep -q __ksymtab; then gcc -E -D__GENKSYMS__ -Wp,-MMD,/home/polina/sem_06/bmstu_os/lab_09/workqueue/.my_wq.o.d  -nostdinc -isystem /usr/lib/gcc/x86_64-linux-gnu/9/include  -I./arch/x86/include -I./arch/x86/include/generated  -I./include -I./arch/x86/include/uapi -I./arch/x86/include/generated/uapi -I./include/uapi -I./include/generated/uapi -include ./include/linux/compiler-version.h -include ./include/linux/kconfig.h -Iubuntu/include  -include ./include/linux/compiler_types.h -D__KERNEL__ -fmacro-prefix-map=./= -Wall -Wundef -Werror=strict-prototypes -Wno-trigraphs -fno-strict-aliasing -fno-common -fshort-wchar -fno-PIE -Werror=implicit-function-declaration -Werror=implicit-int -Werror=return-type -Wno-format-security -std=gnu89 -mno-sse -mno-mmx -mno-sse2 -mno-3dnow -mno-avx -fcf-protection=none -m64 -falign-jumps=1 -falign-loops=1 -mno-80387 -mno-fp-ret-in-387 -mpreferred-stack-boundary=3 -mskip-rax-setup -mtune=generic -mno-red-zone -mcmodel=kernel -DCONFIG_X86_X32_ABI -Wno-sign-compare -fno-asynchronous-unwind-tables -mindirect-branch=thunk-extern -mindirect-branch-register -fno-jump-tables -fno-delete-null-pointer-checks -Wno-frame-address -Wno-format-truncation -Wno-format-overflow -Wno-address-of-packed-member -O2 --param=allow-store-data-races=0 -Wframe-larger-than=1024 -fstack-protector-strong -Wimplicit-fallthrough -Wno-unused-but-set-variable -Wno-unused-const-variable -fno-omit-frame-pointer -fno-optimize-sibling-calls -fno-stack-clash-protection -g -gdwarf-4 -pg -mrecord-mcount -mfentry -DCC_USING_FENTRY -Wdeclaration-after-statement -Wvla -Wno-pointer-sign -Wno-stringop-truncation -Wno-array-bounds -Wno-stringop-overflow -Wno-restrict -Wno-maybe-uninitialized -fno-strict-overflow -fno-stack-check -fconserve-stack -Werror=date-time -Werror=incompatible-pointer-types -Werror=designated-init -Wno-packed-not-aligned  -DMODULE  -DKBUILD_BASENAME='"my_wq"' -DKBUILD_MODNAME='"my_wq"' -D__KBUILD_MODNAME=kmod_my_wq /home/polina/sem_06/bmstu_os/lab_09/workqueue/my_wq.c | scripts/genksyms/genksyms    -r /dev/null > /home/polina/sem_06/bmstu_os/lab_09/workqueue/.tmp_my_wq.ver; ld  -m elf_x86_64 -r -o /home/polina/sem_06/bmstu_os/lab_09/workqueue/.tmp_my_wq.o /home/polina/sem_06/bmstu_os/lab_09/workqueue/my_wq.o -T /home/polina/sem_06/bmstu_os/lab_09/workqueue/.tmp_my_wq.ver; mv -f /home/polina/sem_06/bmstu_os/lab_09/workqueue/.tmp_my_wq.o /home/polina/sem_06/bmstu_os/lab_09/workqueue/my_wq.o; rm -f /home/polina/sem_06/bmstu_os/lab_09/workqueue/.tmp_my_wq.ver; fi
set -e;   
set -e;   
set -e;   
set -e;   { echo  /home/polina/sem_06/bmstu_os/lab_09/workqueue/my_wq.o;  echo; } > /home/polina/sem_06/bmstu_os/lab_09/workqueue/my_wq.mod; printf '%s\n' 'cmd_/home/polina/sem_06/bmstu_os/lab_09/workqueue/my_wq.mod := { echo  /home/polina/sem_06/bmstu_os/lab_09/workqueue/my_wq.o;  echo; } > /home/polina/sem_06/bmstu_os/lab_09/workqueue/my_wq.mod' > /home/polina/sem_06/bmstu_os/lab_09/workqueue/.my_wq.mod.cmd
set -e;   {   echo /home/polina/sem_06/bmstu_os/lab_09/workqueue/my_wq.ko; :; } | awk '!x[$0]++' - > /home/polina/sem_06/bmstu_os/lab_09/workqueue/modules.order; printf '%s\n' 'cmd_/home/polina/sem_06/bmstu_os/lab_09/workqueue/modules.order := {   echo /home/polina/sem_06/bmstu_os/lab_09/workqueue/my_wq.ko; :; } | awk '\''!x[$$0]++'\'' - > /home/polina/sem_06/bmstu_os/lab_09/workqueue/modules.order' > /home/polina/sem_06/bmstu_os/lab_09/workqueue/.modules.order.cmd
:
 
:
 
sh ./scripts/modules-check.sh /home/polina/sem_06/bmstu_os/lab_09/workqueue/modules.order
make -f ./scripts/Makefile.modpost
 
cat: /home/polina/sem_06/bmstu_os/lab_09/workqueue/modules.order: No such file or directory

echo >&2 'WARNING: Symbol version dump "Module.symvers" is missing.'
echo >&2 '         Modules may not have dependencies or modversions.'
echo >&2 '         You may get many unresolved symbol warnings.'
 
make[2]: *** No rule to make target '/home/polina/sem_06/bmstu_os/lab_09/workqueue/modules.order', needed by '/home/polina/sem_06/bmstu_os/lab_09/workqueue/Module.symvers'.
make[1]: *** [Makefile:1794: modules] Error 2

make[1]: Leaving directory '/usr/src/linux-headers-5.13.0-48-generic'
 
make: *** [Makefile:9: default] Error 2

make: Leaving directory '/home/polina/sem_06/bmstu_os/lab_09/workqueue'
 
